<?xml version="1.0" encoding="UTF-8"?>
<!-- Generated by org.testng.reporters.JUnitXMLReporter -->
<testsuite ignored="0" hostname="ZAHID" failures="0" tests="3" name="oneTest" time="22.146" errors="0" timestamp="2023-10-02T10:34:08 IST">
  <testcase classname="ShopperLogin.Login7Test" name="TC_Login_006" time="0.0">
    <skipped/>
  </testcase> <!-- TC_Login_006 -->
  <testcase classname="ShopperLogin.Login7Test" name="TC_Login_007" time="0.0">
    <skipped/>
  </testcase> <!-- TC_Login_007 -->
  <testcase classname="ShopperLogin.Login7Test" name="TC_Login_008" time="0.0">
    <skipped/>
  </testcase> <!-- TC_Login_008 -->
</testsuite> <!-- oneTest -->
